# JRE version: Java(TM) SE Runtime Environment (8.0_60-b27) (build 1.8.0_60-b27)
# Java VM: Java HotSpot(TM) 64-Bit Server VM (25.60-b23 mixed mode windows-amd64 compressed oops)
Heap:
 PSYoungGen      total 95232K, used 64298K [0x00000000ebd00000, 0x00000000f7700000, 0x0000000100000000)
  eden space 25600K, 11% used [0x00000000ebd00000,0x00000000ebffe908,0x00000000ed600000)
  from space 69632K, 87% used [0x00000000f2200000,0x00000000f5dcc020,0x00000000f6600000)
  to   space 77824K, 0% used [0x00000000ed600000,0x00000000ed600000,0x00000000f2200000)
 ParOldGen       total 151552K, used 124382K [0x00000000c3600000, 0x00000000cca00000, 0x00000000ebd00000)
  object space 151552K, 82% used [0x00000000c3600000,0x00000000caf77a10,0x00000000cca00000)
 Metaspace       used 9806K, capacity 9966K, committed 10240K, reserved 1058816K
  class space    used 1112K, capacity 1168K, committed 1280K, reserved 1048576K
GC Heap History (10 events):
Event: 38.751 GC heap before
{Heap before GC invocations=12 (full 2):
 PSYoungGen      total 75776K, used 67272K [0x00000000ebd00000, 0x00000000f3000000, 0x0000000100000000)
  eden space 41472K, 100% used [0x00000000ebd00000,0x00000000ee580000,0x00000000ee580000)
  from space 34304K, 75% used [0x00000000ee580000,0x00000000efeb2010,0x00000000f0700000)
  to   space 36352K, 0% used [0x00000000f0c80000,0x00000000f0c80000,0x00000000f3000000)
 ParOldGen       total 151552K, used 79142K [0x00000000c3600000, 0x00000000cca00000, 0x00000000ebd00000)
  object space 151552K, 52% used [0x00000000c3600000,0x00000000c8349a00,0x00000000cca00000)
 Metaspace       used 9806K, capacity 9966K, committed 10240K, reserved 1058816K
  class space    used 1112K, capacity 1168K, committed 1280K, reserved 1048576K
Event: 39.305 GC heap after
Heap after GC invocations=12 (full 2):
 PSYoungGen      total 72704K, used 36328K [0x00000000ebd00000, 0x00000000f4280000, 0x0000000100000000)
  eden space 36352K, 0% used [0x00000000ebd00000,0x00000000ebd00000,0x00000000ee080000)
  from space 36352K, 99% used [0x00000000f0c80000,0x00000000f2ffa010,0x00000000f3000000)
  to   space 45056K, 0% used [0x00000000ee080000,0x00000000ee080000,0x00000000f0c80000)
 ParOldGen       total 151552K, used 87646K [0x00000000c3600000, 0x00000000cca00000, 0x00000000ebd00000)
  object space 151552K, 57% used [0x00000000c3600000,0x00000000c8b97a00,0x00000000cca00000)
 Metaspace       used 9806K, capacity 9966K, committed 10240K, reserved 1058816K
  class space    used 1112K, capacity 1168K, committed 1280K, reserved 1048576K
}
Event: 48.825 GC heap before
{Heap before GC invocations=13 (full 2):
 PSYoungGen      total 72704K, used 72680K [0x00000000ebd00000, 0x00000000f4280000, 0x0000000100000000)
  eden space 36352K, 100% used [0x00000000ebd00000,0x00000000ee080000,0x00000000ee080000)
  from space 36352K, 99% used [0x00000000f0c80000,0x00000000f2ffa010,0x00000000f3000000)
  to   space 45056K, 0% used [0x00000000ee080000,0x00000000ee080000,0x00000000f0c80000)
 ParOldGen       total 151552K, used 87646K [0x00000000c3600000, 0x00000000cca00000, 0x00000000ebd00000)
  object space 151552K, 57% used [0x00000000c3600000,0x00000000c8b97a00,0x00000000cca00000)
 Metaspace       used 9806K, capacity 9966K, committed 10240K, reserved 1058816K
  class space    used 1112K, capacity 1168K, committed 1280K, reserved 1048576K
Event: 49.239 GC heap after
Heap after GC invocations=13 (full 2):
 PSYoungGen      total 81408K, used 45032K [0x00000000ebd00000, 0x00000000f5000000, 0x0000000100000000)
  eden space 36352K, 0% used [0x00000000ebd00000,0x00000000ebd00000,0x00000000ee080000)
  from space 45056K, 99% used [0x00000000ee080000,0x00000000f0c7a010,0x00000000f0c80000)
  to   space 54784K, 0% used [0x00000000f1a80000,0x00000000f1a80000,0x00000000f5000000)
 ParOldGen       total 151552K, used 95726K [0x00000000c3600000, 0x00000000cca00000, 0x00000000ebd00000)
  object space 151552K, 63% used [0x00000000c3600000,0x00000000c937ba00,0x00000000cca00000)
 Metaspace       used 9806K, capacity 9966K, committed 10240K, reserved 1058816K
  class space    used 1112K, capacity 1168K, committed 1280K, reserved 1048576K
}
Event: 63.368 GC heap before
{Heap before GC invocations=14 (full 2):
 PSYoungGen      total 81408K, used 81384K [0x00000000ebd00000, 0x00000000f5000000, 0x0000000100000000)
  eden space 36352K, 100% used [0x00000000ebd00000,0x00000000ee080000,0x00000000ee080000)
  from space 45056K, 99% used [0x00000000ee080000,0x00000000f0c7a010,0x00000000f0c80000)
  to   space 54784K, 0% used [0x00000000f1a80000,0x00000000f1a80000,0x00000000f5000000)
 ParOldGen       total 151552K, used 95726K [0x00000000c3600000, 0x00000000cca00000, 0x00000000ebd00000)
  object space 151552K, 63% used [0x00000000c3600000,0x00000000c937ba00,0x00000000cca00000)
 Metaspace       used 9806K, capacity 9966K, committed 10240K, reserved 1058816K
  class space    used 1112K, capacity 1168K, committed 1280K, reserved 1048576K
Event: 63.920 GC heap after
Heap after GC invocations=14 (full 2):
 PSYoungGen      total 84480K, used 54760K [0x00000000ebd00000, 0x00000000f6600000, 0x0000000100000000)
  eden space 29696K, 0% used [0x00000000ebd00000,0x00000000ebd00000,0x00000000eda00000)
  from space 54784K, 99% used [0x00000000f1a80000,0x00000000f4ffa010,0x00000000f5000000)
  to   space 66048K, 0% used [0x00000000eda00000,0x00000000eda00000,0x00000000f1a80000)
 ParOldGen       total 151552K, used 102814K [0x00000000c3600000, 0x00000000cca00000, 0x00000000ebd00000)
  object space 151552K, 67% used [0x00000000c3600000,0x00000000c9a67a00,0x00000000cca00000)
 Metaspace       used 9806K, capacity 9966K, committed 10240K, reserved 1058816K
  class space    used 1112K, capacity 1168K, committed 1280K, reserved 1048576K
}
Event: 104.248 GC heap before
{Heap before GC invocations=15 (full 2):
 PSYoungGen      total 84480K, used 84456K [0x00000000ebd00000, 0x00000000f6600000, 0x0000000100000000)
  eden space 29696K, 100% used [0x00000000ebd00000,0x00000000eda00000,0x00000000eda00000)
  from space 54784K, 99% used [0x00000000f1a80000,0x00000000f4ffa010,0x00000000f5000000)
  to   space 66048K, 0% used [0x00000000eda00000,0x00000000eda00000,0x00000000f1a80000)
 ParOldGen       total 151552K, used 102814K [0x00000000c3600000, 0x00000000cca00000, 0x00000000ebd00000)
  object space 151552K, 67% used [0x00000000c3600000,0x00000000c9a67a00,0x00000000cca00000)
 Metaspace       used 9806K, capacity 9966K, committed 10240K, reserved 1058816K
  class space    used 1112K, capacity 1168K, committed 1280K, reserved 1048576K
Event: 109.586 GC heap after
Heap after GC invocations=15 (full 2):
 PSYoungGen      total 95744K, used 47328K [0x00000000ebd00000, 0x00000000f6600000, 0x0000000100000000)
  eden space 29696K, 0% used [0x00000000ebd00000,0x00000000ebd00000,0x00000000eda00000)
  from space 66048K, 71% used [0x00000000eda00000,0x00000000f0838010,0x00000000f1a80000)
  to   space 69632K, 0% used [0x00000000f2200000,0x00000000f2200000,0x00000000f6600000)
 ParOldGen       total 151552K, used 124382K [0x00000000c3600000, 0x00000000cca00000, 0x00000000ebd00000)
  object space 151552K, 82% used [0x00000000c3600000,0x00000000caf77a10,0x00000000cca00000)
 Metaspace       used 9806K, capacity 9966K, committed 10240K, reserved 1058816K
  class space    used 1112K, capacity 1168K, committed 1280K, reserved 1048576K
}
Event: 140.694 GC heap before
{Heap before GC invocations=16 (full 2):
 PSYoungGen      total 95744K, used 77024K [0x00000000ebd00000, 0x00000000f6600000, 0x0000000100000000)
  eden space 29696K, 100% used [0x00000000ebd00000,0x00000000eda00000,0x00000000eda00000)
  from space 66048K, 71% used [0x00000000eda00000,0x00000000f0838010,0x00000000f1a80000)
  to   space 69632K, 0% used [0x00000000f2200000,0x00000000f2200000,0x00000000f6600000)
 ParOldGen       total 151552K, used 124382K [0x00000000c3600000, 0x00000000cca00000, 0x00000000ebd00000)
  object space 151552K, 82% used [0x00000000c3600000,0x00000000caf77a10,0x00000000cca00000)
 Metaspace       used 9806K, capacity 9966K, committed 10240K, reserved 1058816K
  class space    used 1112K, capacity 1168K, committed 1280K, reserved 1048576K
Event: 147.754 GC heap after
Heap after GC invocations=16 (full 2):
 PSYoungGen      total 95232K, used 61232K [0x00000000ebd00000, 0x00000000f7700000, 0x0000000100000000)
  eden space 25600K, 0% used [0x00000000ebd00000,0x00000000ebd00000,0x00000000ed600000)
  from space 69632K, 87% used [0x00000000f2200000,0x00000000f5dcc020,0x00000000f6600000)
  to   space 77824K, 0% used [0x00000000ed600000,0x00000000ed600000,0x00000000f2200000)
 ParOldGen       total 151552K, used 124382K [0x00000000c3600000, 0x00000000cca00000, 0x00000000ebd00000)
  object space 151552K, 82% used [0x00000000c3600000,0x00000000caf77a10,0x00000000cca00000)
 Metaspace       used 9806K, capacity 9966K, committed 10240K, reserved 1058816K
  class space    used 1112K, capacity 1168K, committed 1280K, reserved 1048576K
}

